2022-04-11 08:40:34,546 Data of Subject 1has been loaded.
2022-04-11 08:40:34,697 Data of Subject 2has been loaded.
2022-04-11 08:40:34,812 Data of Subject 3has been loaded.
2022-04-11 08:40:37,807 Test of subject 1 has been marked as invalid because of 
2022-04-11 08:40:40,507 Test of subject 2 has been marked as invalid because of sad
2022-04-11 08:40:45,422 Test of subject 3 has been marked as invalid because of 
2022-04-11 09:42:20,810 Data of Subject 1has been loaded.
2022-04-11 09:42:20,941 Data of Subject 2has been loaded.
2022-04-11 09:42:21,105 Data of Subject 3has been loaded.
2022-04-11 09:42:29,530 Test of subject 1 has been marked as invalid because of 
2022-04-11 09:42:31,646 Test of subject 2 has been marked as invalid because of SAD
2022-04-11 09:42:35,065 Test of subject 3 has been marked as invalid because of 
2022-04-11 09:50:00,336 Data of Subject 1 has been loaded.
2022-04-11 09:50:00,449 Data of Subject 2 has been loaded.
2022-04-11 09:50:00,518 Data of Subject 3 has been loaded.
2022-04-11 09:50:10,695 Test of subject 1 has been marked as invalid because of False
2022-04-11 09:50:15,124 Test of subject 2 has been marked as invalid because of sad
2022-04-11 09:50:15,869 Test of subject 3 has been marked as invalid because of 
2022-04-14 19:14:07,772 Data of Subject 1 has been loaded.
2022-04-14 19:14:07,909 Data of Subject 2 has been loaded.
2022-04-14 19:14:08,052 Data of Subject 3 has been loaded.
2022-04-14 19:14:12,066 Test of subject 1 has been marked as invalid because of sad
2022-04-14 19:14:15,965 Test of subject 2 has been marked as invalid because of 
2022-04-14 19:14:16,655 Test of subject 3 has been marked as invalid because of 
2022-04-14 19:27:37,315 Data of Subject 1 has been loaded.
2022-04-14 19:27:37,408 Data of Subject 2 has been loaded.
2022-04-14 19:27:37,500 Data of Subject 3 has been loaded.
2022-04-14 19:27:40,095 Test of subject 1 has been marked as invalid because of 
2022-04-14 19:27:40,709 Test of subject 2 has been marked as invalid because of 
2022-04-14 19:27:43,469 Test of subject 3 has been marked as invalid because of sad
2022-04-14 19:41:08,978 Data of Subject 1 has been loaded.
2022-04-14 19:41:09,063 Data of Subject 2 has been loaded.
2022-04-14 19:41:09,141 Data of Subject 3 has been loaded.
2022-04-14 19:41:12,427 Test of subject 1 has been marked as invalid because of 
2022-04-14 19:41:12,856 Test of subject 2 has been marked as invalid because of 
2022-04-14 19:41:14,796 Test of subject 3 has been marked as invalid because of sad
2022-04-14 19:47:25,240 Data of Subject 1 has been loaded.
2022-04-14 19:47:25,336 Data of Subject 2 has been loaded.
2022-04-14 19:47:25,423 Data of Subject 3 has been loaded.
2022-04-14 19:47:28,629 Test of subject 1 has been marked as invalid because of 
2022-04-14 19:47:29,027 Test of subject 2 has been marked as invalid because of 
2022-04-14 19:47:30,984 Test of subject 3 has been marked as invalid because of sad
2022-04-16 17:04:26,182 Data of Subject 1 has been loaded.
2022-04-16 17:04:26,367 Data of Subject 2 has been loaded.
2022-04-16 17:04:26,576 Data of Subject 3 has been loaded.
2022-04-16 17:06:46,714 Data of Subject 1 has been loaded.
2022-04-16 17:06:46,793 Data of Subject 2 has been loaded.
2022-04-16 17:06:46,897 Data of Subject 3 has been loaded.
2022-04-16 17:12:00,785 Data of Subject 1 has been loaded.
2022-04-16 17:12:00,937 Data of Subject 2 has been loaded.
2022-04-16 17:12:01,061 Data of Subject 3 has been loaded.
2022-04-16 17:13:43,186 Data of Subject 1 has been loaded.
2022-04-16 17:13:43,260 Data of Subject 2 has been loaded.
2022-04-16 17:13:43,352 Data of Subject 3 has been loaded.
2022-04-16 17:15:48,810 Data of Subject 1 has been loaded.
2022-04-16 17:15:48,904 Data of Subject 2 has been loaded.
2022-04-16 17:15:49,011 Data of Subject 3 has been loaded.
2022-04-16 17:22:06,834 Data of Subject 1 has been loaded.
2022-04-16 17:22:06,937 Data of Subject 2 has been loaded.
2022-04-16 17:22:07,010 Data of Subject 3 has been loaded.
2022-04-16 17:22:14,566 Test of subject 2 has been marked as invalid because of sad
2022-04-17 16:31:47,639 Data of Subject 1 has been loaded.
2022-04-17 16:31:47,787 Data of Subject 2 has been loaded.
2022-04-17 16:31:47,912 Data of Subject 3 has been loaded.
2022-04-17 16:31:52,795 Test of subject 3 has been marked as invalid because of sad
2022-04-17 17:02:27,999 Test of subject 2 has been marked as invalid because of sad
2022-04-18 09:17:53,527 Data of Subject 1 has been loaded.
2022-04-18 09:17:53,736 Data of Subject 2 has been loaded.
2022-04-18 09:17:53,834 Data of Subject 3 has been loaded.
2022-04-18 09:18:01,029 Test of subject 3 has been marked as invalid because of sad
2022-04-18 09:54:55,037 Data of Subject 1 has been loaded.
2022-04-18 09:54:55,122 Data of Subject 2 has been loaded.
2022-04-18 09:54:55,205 Data of Subject 3 has been loaded.
2022-04-18 09:55:01,744 Test of subject 2 has been marked as invalid because of sad
2022-04-18 09:57:16,715 Data of Subject 1 has been loaded.
2022-04-18 09:57:16,797 Data of Subject 2 has been loaded.
2022-04-18 09:57:16,868 Data of Subject 3 has been loaded.
2022-04-18 09:57:21,504 Test of subject 2 has been marked as invalid because of sad
2022-04-18 16:56:32,212 Data of Subject 1 has been loaded.
2022-04-18 16:56:32,267 Data of Subject 2 has been loaded.
2022-04-18 16:56:32,323 Data of Subject 3 has been loaded.
2022-04-18 16:58:31,485 Data of Subject 1 has been loaded.
2022-04-18 16:58:31,544 Data of Subject 2 has been loaded.
2022-04-18 16:58:31,595 Data of Subject 3 has been loaded.
2022-04-18 16:58:38,401 Test of subject 2 has been marked as invalid because of ad
2022-04-18 17:15:09,091 Data of Subject 1 has been loaded.
2022-04-18 17:15:09,158 Data of Subject 2 has been loaded.
2022-04-18 17:15:09,226 Data of Subject 3 has been loaded.
2022-04-18 17:15:13,674 Data of Subject 1 has been loaded.
2022-04-18 17:15:13,741 Data of Subject 2 has been loaded.
2022-04-18 17:15:13,824 Data of Subject 3 has been loaded.
2022-04-18 17:22:13,802 Data of Subject 1 has been loaded.
2022-04-18 17:22:13,863 Data of Subject 2 has been loaded.
2022-04-18 17:22:13,928 Data of Subject 3 has been loaded.
2022-04-18 17:28:53,717 Data of Subject 1 has been loaded.
2022-04-18 17:28:53,777 Data of Subject 2 has been loaded.
2022-04-18 17:28:53,834 Data of Subject 3 has been loaded.
2022-04-18 17:29:37,494 Data of Subject 1 has been loaded.
2022-04-18 17:29:37,558 Data of Subject 2 has been loaded.
2022-04-18 17:29:37,612 Data of Subject 3 has been loaded.
2022-04-18 17:29:55,525 Data of Subject 1 has been loaded.
2022-04-18 17:29:55,593 Data of Subject 2 has been loaded.
2022-04-18 17:29:55,651 Data of Subject 3 has been loaded.
2022-04-18 18:14:17,546 Data of Subject 1 has been loaded.
2022-04-18 18:14:17,613 Data of Subject 2 has been loaded.
2022-04-18 18:14:17,671 Data of Subject 3 has been loaded.
2022-04-18 18:14:54,017 Data of Subject 1 has been loaded.
2022-04-18 18:14:54,083 Data of Subject 2 has been loaded.
2022-04-18 18:14:54,166 Data of Subject 3 has been loaded.
2022-04-18 18:15:22,639 Data of Subject 1 has been loaded.
2022-04-18 18:15:22,704 Data of Subject 2 has been loaded.
2022-04-18 18:15:22,780 Data of Subject 3 has been loaded.
